-------------------------------------------------------------------------------
Test set: TestSuite
-------------------------------------------------------------------------------
Tests run: 2, Failures: 1, Errors: 0, Skipped: 0, Time elapsed: 28.093 s <<< FAILURE! - in TestSuite
cucumberOptions.TestNGTestRunner.runScenario["Search Experience for product search in both home and offers page", "Search and place the order for Products"](2)  Time elapsed: 25.929 s  <<< FAILURE!
java.lang.AssertionError: expected [Beetroot] but found [No data]

